1705208613559|44946|statement|connection 72|url jdbc:mysql://localhost:3306/MarketBridge|select s1_0.stock_id,s1_0.created_at,s1_0.deleted_at,s1_0.product_option_id,s1_0.quantity,s1_0.updated_at,s1_0.warehouse_id from stock s1_0 where s1_0.stock_id=? for update|select s1_0.stock_id,s1_0.created_at,s1_0.deleted_at,s1_0.product_option_id,s1_0.quantity,s1_0.updated_at,s1_0.warehouse_id from stock s1_0 where s1_0.stock_id=1 for update
1705208613561|44947|statement|connection 52|url jdbc:mysql://localhost:3306/MarketBridge|select s1_0.stock_id,s1_0.created_at,s1_0.deleted_at,s1_0.product_option_id,s1_0.quantity,s1_0.updated_at,s1_0.warehouse_id from stock s1_0 where s1_0.stock_id=? for update|select s1_0.stock_id,s1_0.created_at,s1_0.deleted_at,s1_0.product_option_id,s1_0.quantity,s1_0.updated_at,s1_0.warehouse_id from stock s1_0 where s1_0.stock_id=1 for update
1705208613560|44946|statement|connection 69|url jdbc:mysql://localhost:3306/MarketBridge|select s1_0.stock_id,s1_0.created_at,s1_0.deleted_at,s1_0.product_option_id,s1_0.quantity,s1_0.updated_at,s1_0.warehouse_id from stock s1_0 where s1_0.stock_id=? for update|select s1_0.stock_id,s1_0.created_at,s1_0.deleted_at,s1_0.product_option_id,s1_0.quantity,s1_0.updated_at,s1_0.warehouse_id from stock s1_0 where s1_0.stock_id=1 for update
1705208613561|0|rollback|connection 72|url jdbc:mysql://localhost:3306/MarketBridge||
1705208613561|44947|statement|connection 73|url jdbc:mysql://localhost:3306/MarketBridge|select s1_0.stock_id,s1_0.created_at,s1_0.deleted_at,s1_0.product_option_id,s1_0.quantity,s1_0.updated_at,s1_0.warehouse_id from stock s1_0 where s1_0.stock_id=? for update|select s1_0.stock_id,s1_0.created_at,s1_0.deleted_at,s1_0.product_option_id,s1_0.quantity,s1_0.updated_at,s1_0.warehouse_id from stock s1_0 where s1_0.stock_id=1 for update
1705208613562|44948|statement|connection 50|url jdbc:mysql://localhost:3306/MarketBridge|select s1_0.stock_id,s1_0.created_at,s1_0.deleted_at,s1_0.product_option_id,s1_0.quantity,s1_0.updated_at,s1_0.warehouse_id from stock s1_0 where s1_0.stock_id=? for update|select s1_0.stock_id,s1_0.created_at,s1_0.deleted_at,s1_0.product_option_id,s1_0.quantity,s1_0.updated_at,s1_0.warehouse_id from stock s1_0 where s1_0.stock_id=1 for update
1705208613562|44948|statement|connection 54|url jdbc:mysql://localhost:3306/MarketBridge|select s1_0.stock_id,s1_0.created_at,s1_0.deleted_at,s1_0.product_option_id,s1_0.quantity,s1_0.updated_at,s1_0.warehouse_id from stock s1_0 where s1_0.stock_id=? for update|select s1_0.stock_id,s1_0.created_at,s1_0.deleted_at,s1_0.product_option_id,s1_0.quantity,s1_0.updated_at,s1_0.warehouse_id from stock s1_0 where s1_0.stock_id=1 for update
1705208613562|44949|statement|connection 70|url jdbc:mysql://localhost:3306/MarketBridge|select s1_0.stock_id,s1_0.created_at,s1_0.deleted_at,s1_0.product_option_id,s1_0.quantity,s1_0.updated_at,s1_0.warehouse_id from stock s1_0 where s1_0.stock_id=? for update|select s1_0.stock_id,s1_0.created_at,s1_0.deleted_at,s1_0.product_option_id,s1_0.quantity,s1_0.updated_at,s1_0.warehouse_id from stock s1_0 where s1_0.stock_id=1 for update
1705208613563|44949|statement|connection 68|url jdbc:mysql://localhost:3306/MarketBridge|select s1_0.stock_id,s1_0.created_at,s1_0.deleted_at,s1_0.product_option_id,s1_0.quantity,s1_0.updated_at,s1_0.warehouse_id from stock s1_0 where s1_0.stock_id=? for update|select s1_0.stock_id,s1_0.created_at,s1_0.deleted_at,s1_0.product_option_id,s1_0.quantity,s1_0.updated_at,s1_0.warehouse_id from stock s1_0 where s1_0.stock_id=1 for update
1705208613563|0|rollback|connection 52|url jdbc:mysql://localhost:3306/MarketBridge||
1705208613563|44949|statement|connection 47|url jdbc:mysql://localhost:3306/MarketBridge|select s1_0.stock_id,s1_0.created_at,s1_0.deleted_at,s1_0.product_option_id,s1_0.quantity,s1_0.updated_at,s1_0.warehouse_id from stock s1_0 where s1_0.stock_id=? for update|select s1_0.stock_id,s1_0.created_at,s1_0.deleted_at,s1_0.product_option_id,s1_0.quantity,s1_0.updated_at,s1_0.warehouse_id from stock s1_0 where s1_0.stock_id=1 for update
1705208613564|0|rollback|connection 73|url jdbc:mysql://localhost:3306/MarketBridge||
1705208613564|0|rollback|connection 47|url jdbc:mysql://localhost:3306/MarketBridge||
1705208613564|0|rollback|connection 70|url jdbc:mysql://localhost:3306/MarketBridge||
1705208613564|0|rollback|connection 54|url jdbc:mysql://localhost:3306/MarketBridge||
1705208613564|0|rollback|connection 69|url jdbc:mysql://localhost:3306/MarketBridge||
1705208613564|0|rollback|connection 68|url jdbc:mysql://localhost:3306/MarketBridge||
1705208613564|0|rollback|connection 50|url jdbc:mysql://localhost:3306/MarketBridge||
1706604090597|1|statement|connection 37|url jdbc:h2:mem:~/Marketbridge|drop table if exists address cascade |drop table if exists address cascade 
1706604090600|0|statement|connection 37|url jdbc:h2:mem:~/Marketbridge|drop table if exists admin cascade |drop table if exists admin cascade 
1706604090601|0|statement|connection 37|url jdbc:h2:mem:~/Marketbridge|drop table if exists board cascade |drop table if exists board cascade 
1706604090601|0|statement|connection 37|url jdbc:h2:mem:~/Marketbridge|drop table if exists cart cascade |drop table if exists cart cascade 
1706604090602|0|statement|connection 37|url jdbc:h2:mem:~/Marketbridge|drop table if exists category cascade |drop table if exists category cascade 
1706604090602|0|statement|connection 37|url jdbc:h2:mem:~/Marketbridge|drop table if exists coupon cascade |drop table if exists coupon cascade 
1706604090602|0|statement|connection 37|url jdbc:h2:mem:~/Marketbridge|drop table if exists coupon_budget cascade |drop table if exists coupon_budget cascade 
1706604090603|0|statement|connection 37|url jdbc:h2:mem:~/Marketbridge|drop table if exists delivery cascade |drop table if exists delivery cascade 
1706604090603|0|statement|connection 37|url jdbc:h2:mem:~/Marketbridge|drop table if exists estimated_time cascade |drop table if exists estimated_time cascade 
1706604090603|0|statement|connection 37|url jdbc:h2:mem:~/Marketbridge|drop table if exists help_desk cascade |drop table if exists help_desk cascade 
1706604090604|0|statement|connection 37|url jdbc:h2:mem:~/Marketbridge|drop table if exists image cascade |drop table if exists image cascade 
1706604090604|0|statement|connection 37|url jdbc:h2:mem:~/Marketbridge|drop table if exists member cascade |drop table if exists member cascade 
1706604090604|0|statement|connection 37|url jdbc:h2:mem:~/Marketbridge|drop table if exists member_coupon cascade |drop table if exists member_coupon cascade 
1706604090604|0|statement|connection 37|url jdbc:h2:mem:~/Marketbridge|drop table if exists option_category cascade |drop table if exists option_category cascade 
1706604090605|0|statement|connection 37|url jdbc:h2:mem:~/Marketbridge|drop table if exists options cascade |drop table if exists options cascade 
1706604090605|0|statement|connection 37|url jdbc:h2:mem:~/Marketbridge|drop table if exists order_detail cascade |drop table if exists order_detail cascade 
1706604090605|0|statement|connection 37|url jdbc:h2:mem:~/Marketbridge|drop table if exists orders cascade |drop table if exists orders cascade 
1706604090605|0|statement|connection 37|url jdbc:h2:mem:~/Marketbridge|drop table if exists payment cascade |drop table if exists payment cascade 
1706604090605|0|statement|connection 37|url jdbc:h2:mem:~/Marketbridge|drop table if exists point cascade |drop table if exists point cascade 
1706604090606|0|statement|connection 37|url jdbc:h2:mem:~/Marketbridge|drop table if exists prod_option cascade |drop table if exists prod_option cascade 
1706604090606|0|statement|connection 37|url jdbc:h2:mem:~/Marketbridge|drop table if exists prod_tag cascade |drop table if exists prod_tag cascade 
1706604090606|0|statement|connection 37|url jdbc:h2:mem:~/Marketbridge|drop table if exists product cascade |drop table if exists product cascade 
1706604090606|0|statement|connection 37|url jdbc:h2:mem:~/Marketbridge|drop table if exists product_image cascade |drop table if exists product_image cascade 
1706604090606|0|statement|connection 37|url jdbc:h2:mem:~/Marketbridge|drop table if exists qna cascade |drop table if exists qna cascade 
1706604090607|0|statement|connection 37|url jdbc:h2:mem:~/Marketbridge|drop table if exists review cascade |drop table if exists review cascade 
1706604090607|0|statement|connection 37|url jdbc:h2:mem:~/Marketbridge|drop table if exists review_image cascade |drop table if exists review_image cascade 
1706604090608|0|statement|connection 37|url jdbc:h2:mem:~/Marketbridge|drop table if exists review_survey cascade |drop table if exists review_survey cascade 
1706604090608|0|statement|connection 37|url jdbc:h2:mem:~/Marketbridge|drop table if exists review_survey_category cascade |drop table if exists review_survey_category cascade 
1706604090608|0|statement|connection 37|url jdbc:h2:mem:~/Marketbridge|drop table if exists reward_policy cascade |drop table if exists reward_policy cascade 
1706604090608|0|statement|connection 37|url jdbc:h2:mem:~/Marketbridge|drop table if exists seller cascade |drop table if exists seller cascade 
1706604090608|0|statement|connection 37|url jdbc:h2:mem:~/Marketbridge|drop table if exists seller_account cascade |drop table if exists seller_account cascade 
1706604090608|0|statement|connection 37|url jdbc:h2:mem:~/Marketbridge|drop table if exists seller_product cascade |drop table if exists seller_product cascade 
1706604090609|0|statement|connection 37|url jdbc:h2:mem:~/Marketbridge|drop table if exists social_credential cascade |drop table if exists social_credential cascade 
1706604090609|0|statement|connection 37|url jdbc:h2:mem:~/Marketbridge|drop table if exists status_code cascade |drop table if exists status_code cascade 
1706604090609|0|statement|connection 37|url jdbc:h2:mem:~/Marketbridge|drop table if exists survey_content cascade |drop table if exists survey_content cascade 
1706604090609|0|statement|connection 37|url jdbc:h2:mem:~/Marketbridge|drop table if exists tag cascade |drop table if exists tag cascade 
1706834728179|0|statement|connection 44|url jdbc:h2:mem:~/Marketbridge|drop table if exists address cascade |drop table if exists address cascade 
1706834728182|0|statement|connection 44|url jdbc:h2:mem:~/Marketbridge|drop table if exists admin cascade |drop table if exists admin cascade 
1706834728183|0|statement|connection 44|url jdbc:h2:mem:~/Marketbridge|drop table if exists board cascade |drop table if exists board cascade 
1706834728184|1|statement|connection 44|url jdbc:h2:mem:~/Marketbridge|drop table if exists cart cascade |drop table if exists cart cascade 
1706834728184|0|statement|connection 44|url jdbc:h2:mem:~/Marketbridge|drop table if exists category cascade |drop table if exists category cascade 
1706834728185|0|statement|connection 44|url jdbc:h2:mem:~/Marketbridge|drop table if exists coupon cascade |drop table if exists coupon cascade 
1706834728186|0|statement|connection 44|url jdbc:h2:mem:~/Marketbridge|drop table if exists coupon_budget cascade |drop table if exists coupon_budget cascade 
1706834728186|0|statement|connection 44|url jdbc:h2:mem:~/Marketbridge|drop table if exists delivery cascade |drop table if exists delivery cascade 
1706834728187|0|statement|connection 44|url jdbc:h2:mem:~/Marketbridge|drop table if exists estimated_time cascade |drop table if exists estimated_time cascade 
1706834728188|0|statement|connection 44|url jdbc:h2:mem:~/Marketbridge|drop table if exists help_desk cascade |drop table if exists help_desk cascade 
1706834728188|0|statement|connection 44|url jdbc:h2:mem:~/Marketbridge|drop table if exists image cascade |drop table if exists image cascade 
1706834728189|0|statement|connection 44|url jdbc:h2:mem:~/Marketbridge|drop table if exists member cascade |drop table if exists member cascade 
1706834728189|0|statement|connection 44|url jdbc:h2:mem:~/Marketbridge|drop table if exists member_coupon cascade |drop table if exists member_coupon cascade 
1706834728190|0|statement|connection 44|url jdbc:h2:mem:~/Marketbridge|drop table if exists membership cascade |drop table if exists membership cascade 
1706834728190|0|statement|connection 44|url jdbc:h2:mem:~/Marketbridge|drop table if exists option_category cascade |drop table if exists option_category cascade 
1706834728191|0|statement|connection 44|url jdbc:h2:mem:~/Marketbridge|drop table if exists options cascade |drop table if exists options cascade 
1706834728191|0|statement|connection 44|url jdbc:h2:mem:~/Marketbridge|drop table if exists order_detail cascade |drop table if exists order_detail cascade 
1706834728192|0|statement|connection 44|url jdbc:h2:mem:~/Marketbridge|drop table if exists orders cascade |drop table if exists orders cascade 
1706834728192|0|statement|connection 44|url jdbc:h2:mem:~/Marketbridge|drop table if exists payment cascade |drop table if exists payment cascade 
1706834728193|0|statement|connection 44|url jdbc:h2:mem:~/Marketbridge|drop table if exists point cascade |drop table if exists point cascade 
1706834728193|0|statement|connection 44|url jdbc:h2:mem:~/Marketbridge|drop table if exists prod_option cascade |drop table if exists prod_option cascade 
1706834728193|0|statement|connection 44|url jdbc:h2:mem:~/Marketbridge|drop table if exists prod_tag cascade |drop table if exists prod_tag cascade 
1706834728194|0|statement|connection 44|url jdbc:h2:mem:~/Marketbridge|drop table if exists product cascade |drop table if exists product cascade 
1706834728195|0|statement|connection 44|url jdbc:h2:mem:~/Marketbridge|drop table if exists product_image cascade |drop table if exists product_image cascade 
1706834728195|0|statement|connection 44|url jdbc:h2:mem:~/Marketbridge|drop table if exists qna cascade |drop table if exists qna cascade 
1706834728196|0|statement|connection 44|url jdbc:h2:mem:~/Marketbridge|drop table if exists review cascade |drop table if exists review cascade 
1706834728196|0|statement|connection 44|url jdbc:h2:mem:~/Marketbridge|drop table if exists review_image cascade |drop table if exists review_image cascade 
1706834728197|0|statement|connection 44|url jdbc:h2:mem:~/Marketbridge|drop table if exists review_survey cascade |drop table if exists review_survey cascade 
1706834728197|0|statement|connection 44|url jdbc:h2:mem:~/Marketbridge|drop table if exists review_survey_category cascade |drop table if exists review_survey_category cascade 
1706834728197|0|statement|connection 44|url jdbc:h2:mem:~/Marketbridge|drop table if exists reward_policy cascade |drop table if exists reward_policy cascade 
1706834728198|0|statement|connection 44|url jdbc:h2:mem:~/Marketbridge|drop table if exists seller cascade |drop table if exists seller cascade 
1706834728198|0|statement|connection 44|url jdbc:h2:mem:~/Marketbridge|drop table if exists seller_account cascade |drop table if exists seller_account cascade 
1706834728198|0|statement|connection 44|url jdbc:h2:mem:~/Marketbridge|drop table if exists seller_product cascade |drop table if exists seller_product cascade 
1706834728199|0|statement|connection 44|url jdbc:h2:mem:~/Marketbridge|drop table if exists social_credential cascade |drop table if exists social_credential cascade 
1706834728199|0|statement|connection 44|url jdbc:h2:mem:~/Marketbridge|drop table if exists status_code cascade |drop table if exists status_code cascade 
1706834728199|0|statement|connection 44|url jdbc:h2:mem:~/Marketbridge|drop table if exists survey_content cascade |drop table if exists survey_content cascade 
1706834728200|0|statement|connection 44|url jdbc:h2:mem:~/Marketbridge|drop table if exists tag cascade |drop table if exists tag cascade 
1706835089471|0|statement|connection 44|url jdbc:h2:mem:~/Marketbridge|drop table if exists address cascade |drop table if exists address cascade 
1706835089475|0|statement|connection 44|url jdbc:h2:mem:~/Marketbridge|drop table if exists admin cascade |drop table if exists admin cascade 
1706835089476|0|statement|connection 44|url jdbc:h2:mem:~/Marketbridge|drop table if exists board cascade |drop table if exists board cascade 
1706835089476|0|statement|connection 44|url jdbc:h2:mem:~/Marketbridge|drop table if exists cart cascade |drop table if exists cart cascade 
1706835089477|0|statement|connection 44|url jdbc:h2:mem:~/Marketbridge|drop table if exists category cascade |drop table if exists category cascade 
1706835089478|0|statement|connection 44|url jdbc:h2:mem:~/Marketbridge|drop table if exists coupon cascade |drop table if exists coupon cascade 
1706835089478|0|statement|connection 44|url jdbc:h2:mem:~/Marketbridge|drop table if exists coupon_budget cascade |drop table if exists coupon_budget cascade 
1706835089479|0|statement|connection 44|url jdbc:h2:mem:~/Marketbridge|drop table if exists delivery cascade |drop table if exists delivery cascade 
1706835089479|0|statement|connection 44|url jdbc:h2:mem:~/Marketbridge|drop table if exists estimated_time cascade |drop table if exists estimated_time cascade 
1706835089480|0|statement|connection 44|url jdbc:h2:mem:~/Marketbridge|drop table if exists help_desk cascade |drop table if exists help_desk cascade 
1706835089481|0|statement|connection 44|url jdbc:h2:mem:~/Marketbridge|drop table if exists image cascade |drop table if exists image cascade 
1706835089482|0|statement|connection 44|url jdbc:h2:mem:~/Marketbridge|drop table if exists member cascade |drop table if exists member cascade 
1706835089482|0|statement|connection 44|url jdbc:h2:mem:~/Marketbridge|drop table if exists member_coupon cascade |drop table if exists member_coupon cascade 
1706835089482|0|statement|connection 44|url jdbc:h2:mem:~/Marketbridge|drop table if exists membership cascade |drop table if exists membership cascade 
1706835089483|0|statement|connection 44|url jdbc:h2:mem:~/Marketbridge|drop table if exists option_category cascade |drop table if exists option_category cascade 
1706835089484|0|statement|connection 44|url jdbc:h2:mem:~/Marketbridge|drop table if exists options cascade |drop table if exists options cascade 
1706835089484|0|statement|connection 44|url jdbc:h2:mem:~/Marketbridge|drop table if exists order_detail cascade |drop table if exists order_detail cascade 
1706835089485|0|statement|connection 44|url jdbc:h2:mem:~/Marketbridge|drop table if exists orders cascade |drop table if exists orders cascade 
1706835089485|0|statement|connection 44|url jdbc:h2:mem:~/Marketbridge|drop table if exists payment cascade |drop table if exists payment cascade 
1706835089486|0|statement|connection 44|url jdbc:h2:mem:~/Marketbridge|drop table if exists point cascade |drop table if exists point cascade 
1706835089486|0|statement|connection 44|url jdbc:h2:mem:~/Marketbridge|drop table if exists prod_option cascade |drop table if exists prod_option cascade 
1706835089487|0|statement|connection 44|url jdbc:h2:mem:~/Marketbridge|drop table if exists prod_tag cascade |drop table if exists prod_tag cascade 
1706835089487|0|statement|connection 44|url jdbc:h2:mem:~/Marketbridge|drop table if exists product cascade |drop table if exists product cascade 
1706835089488|0|statement|connection 44|url jdbc:h2:mem:~/Marketbridge|drop table if exists product_image cascade |drop table if exists product_image cascade 
1706835089488|0|statement|connection 44|url jdbc:h2:mem:~/Marketbridge|drop table if exists qna cascade |drop table if exists qna cascade 
1706835089488|0|statement|connection 44|url jdbc:h2:mem:~/Marketbridge|drop table if exists review cascade |drop table if exists review cascade 
1706835089489|0|statement|connection 44|url jdbc:h2:mem:~/Marketbridge|drop table if exists review_image cascade |drop table if exists review_image cascade 
1706835089489|0|statement|connection 44|url jdbc:h2:mem:~/Marketbridge|drop table if exists review_survey cascade |drop table if exists review_survey cascade 
1706835089490|0|statement|connection 44|url jdbc:h2:mem:~/Marketbridge|drop table if exists review_survey_category cascade |drop table if exists review_survey_category cascade 
1706835089490|0|statement|connection 44|url jdbc:h2:mem:~/Marketbridge|drop table if exists reward_policy cascade |drop table if exists reward_policy cascade 
1706835089491|0|statement|connection 44|url jdbc:h2:mem:~/Marketbridge|drop table if exists seller cascade |drop table if exists seller cascade 
1706835089491|0|statement|connection 44|url jdbc:h2:mem:~/Marketbridge|drop table if exists seller_account cascade |drop table if exists seller_account cascade 
1706835089491|0|statement|connection 44|url jdbc:h2:mem:~/Marketbridge|drop table if exists seller_product cascade |drop table if exists seller_product cascade 
1706835089492|0|statement|connection 44|url jdbc:h2:mem:~/Marketbridge|drop table if exists social_credential cascade |drop table if exists social_credential cascade 
1706835089492|0|statement|connection 44|url jdbc:h2:mem:~/Marketbridge|drop table if exists status_code cascade |drop table if exists status_code cascade 
1706835089492|0|statement|connection 44|url jdbc:h2:mem:~/Marketbridge|drop table if exists survey_content cascade |drop table if exists survey_content cascade 
1706835089493|0|statement|connection 44|url jdbc:h2:mem:~/Marketbridge|drop table if exists tag cascade |drop table if exists tag cascade 
1706835906193|1|statement|connection 44|url jdbc:h2:mem:~/Marketbridge|drop table if exists address cascade |drop table if exists address cascade 
1706835906197|0|statement|connection 44|url jdbc:h2:mem:~/Marketbridge|drop table if exists admin cascade |drop table if exists admin cascade 
1706835906198|0|statement|connection 44|url jdbc:h2:mem:~/Marketbridge|drop table if exists board cascade |drop table if exists board cascade 
1706835906199|0|statement|connection 44|url jdbc:h2:mem:~/Marketbridge|drop table if exists cart cascade |drop table if exists cart cascade 
1706835906200|0|statement|connection 44|url jdbc:h2:mem:~/Marketbridge|drop table if exists category cascade |drop table if exists category cascade 
1706835906201|0|statement|connection 44|url jdbc:h2:mem:~/Marketbridge|drop table if exists coupon cascade |drop table if exists coupon cascade 
1706835906201|0|statement|connection 44|url jdbc:h2:mem:~/Marketbridge|drop table if exists coupon_budget cascade |drop table if exists coupon_budget cascade 
1706835906202|0|statement|connection 44|url jdbc:h2:mem:~/Marketbridge|drop table if exists delivery cascade |drop table if exists delivery cascade 
1706835906202|0|statement|connection 44|url jdbc:h2:mem:~/Marketbridge|drop table if exists estimated_time cascade |drop table if exists estimated_time cascade 
1706835906203|0|statement|connection 44|url jdbc:h2:mem:~/Marketbridge|drop table if exists help_desk cascade |drop table if exists help_desk cascade 
1706835906203|0|statement|connection 44|url jdbc:h2:mem:~/Marketbridge|drop table if exists image cascade |drop table if exists image cascade 
1706835906204|0|statement|connection 44|url jdbc:h2:mem:~/Marketbridge|drop table if exists member cascade |drop table if exists member cascade 
1706835906205|0|statement|connection 44|url jdbc:h2:mem:~/Marketbridge|drop table if exists member_coupon cascade |drop table if exists member_coupon cascade 
1706835906206|0|statement|connection 44|url jdbc:h2:mem:~/Marketbridge|drop table if exists membership cascade |drop table if exists membership cascade 
1706835906206|0|statement|connection 44|url jdbc:h2:mem:~/Marketbridge|drop table if exists option_category cascade |drop table if exists option_category cascade 
1706835906207|0|statement|connection 44|url jdbc:h2:mem:~/Marketbridge|drop table if exists options cascade |drop table if exists options cascade 
1706835906207|0|statement|connection 44|url jdbc:h2:mem:~/Marketbridge|drop table if exists order_detail cascade |drop table if exists order_detail cascade 
1706835906207|0|statement|connection 44|url jdbc:h2:mem:~/Marketbridge|drop table if exists orders cascade |drop table if exists orders cascade 
1706835906208|0|statement|connection 44|url jdbc:h2:mem:~/Marketbridge|drop table if exists payment cascade |drop table if exists payment cascade 
1706835906208|0|statement|connection 44|url jdbc:h2:mem:~/Marketbridge|drop table if exists point cascade |drop table if exists point cascade 
1706835906209|0|statement|connection 44|url jdbc:h2:mem:~/Marketbridge|drop table if exists prod_option cascade |drop table if exists prod_option cascade 
1706835906209|0|statement|connection 44|url jdbc:h2:mem:~/Marketbridge|drop table if exists prod_tag cascade |drop table if exists prod_tag cascade 
1706835906210|0|statement|connection 44|url jdbc:h2:mem:~/Marketbridge|drop table if exists product cascade |drop table if exists product cascade 
1706835906210|0|statement|connection 44|url jdbc:h2:mem:~/Marketbridge|drop table if exists product_image cascade |drop table if exists product_image cascade 
1706835906211|0|statement|connection 44|url jdbc:h2:mem:~/Marketbridge|drop table if exists qna cascade |drop table if exists qna cascade 
1706835906211|0|statement|connection 44|url jdbc:h2:mem:~/Marketbridge|drop table if exists review cascade |drop table if exists review cascade 
1706835906212|0|statement|connection 44|url jdbc:h2:mem:~/Marketbridge|drop table if exists review_image cascade |drop table if exists review_image cascade 
1706835906213|0|statement|connection 44|url jdbc:h2:mem:~/Marketbridge|drop table if exists review_survey cascade |drop table if exists review_survey cascade 
1706835906213|0|statement|connection 44|url jdbc:h2:mem:~/Marketbridge|drop table if exists review_survey_category cascade |drop table if exists review_survey_category cascade 
1706835906214|0|statement|connection 44|url jdbc:h2:mem:~/Marketbridge|drop table if exists reward_policy cascade |drop table if exists reward_policy cascade 
1706835906214|0|statement|connection 44|url jdbc:h2:mem:~/Marketbridge|drop table if exists seller cascade |drop table if exists seller cascade 
1706835906215|0|statement|connection 44|url jdbc:h2:mem:~/Marketbridge|drop table if exists seller_account cascade |drop table if exists seller_account cascade 
1706835906215|0|statement|connection 44|url jdbc:h2:mem:~/Marketbridge|drop table if exists seller_product cascade |drop table if exists seller_product cascade 
1706835906215|0|statement|connection 44|url jdbc:h2:mem:~/Marketbridge|drop table if exists social_credential cascade |drop table if exists social_credential cascade 
1706835906216|0|statement|connection 44|url jdbc:h2:mem:~/Marketbridge|drop table if exists status_code cascade |drop table if exists status_code cascade 
1706835906216|0|statement|connection 44|url jdbc:h2:mem:~/Marketbridge|drop table if exists survey_content cascade |drop table if exists survey_content cascade 
1706835906216|0|statement|connection 44|url jdbc:h2:mem:~/Marketbridge|drop table if exists tag cascade |drop table if exists tag cascade 
1706842183114|0|statement|connection 47|url jdbc:h2:mem:~/Marketbridge|drop table if exists address cascade |drop table if exists address cascade 
1706842183115|0|statement|connection 47|url jdbc:h2:mem:~/Marketbridge|drop table if exists admin cascade |drop table if exists admin cascade 
1706842183115|0|statement|connection 47|url jdbc:h2:mem:~/Marketbridge|drop table if exists board cascade |drop table if exists board cascade 
1706842183116|0|statement|connection 47|url jdbc:h2:mem:~/Marketbridge|drop table if exists cart cascade |drop table if exists cart cascade 
1706842183116|0|statement|connection 47|url jdbc:h2:mem:~/Marketbridge|drop table if exists category cascade |drop table if exists category cascade 
1706842183116|0|statement|connection 47|url jdbc:h2:mem:~/Marketbridge|drop table if exists coupon cascade |drop table if exists coupon cascade 
1706842183117|0|statement|connection 47|url jdbc:h2:mem:~/Marketbridge|drop table if exists coupon_budget cascade |drop table if exists coupon_budget cascade 
1706842183118|0|statement|connection 47|url jdbc:h2:mem:~/Marketbridge|drop table if exists delivery cascade |drop table if exists delivery cascade 
1706842183118|0|statement|connection 47|url jdbc:h2:mem:~/Marketbridge|drop table if exists estimated_time cascade |drop table if exists estimated_time cascade 
1706842183118|0|statement|connection 47|url jdbc:h2:mem:~/Marketbridge|drop table if exists help_desk cascade |drop table if exists help_desk cascade 
1706842183119|0|statement|connection 47|url jdbc:h2:mem:~/Marketbridge|drop table if exists image cascade |drop table if exists image cascade 
1706842183119|0|statement|connection 47|url jdbc:h2:mem:~/Marketbridge|drop table if exists member cascade |drop table if exists member cascade 
1706842183119|0|statement|connection 47|url jdbc:h2:mem:~/Marketbridge|drop table if exists member_coupon cascade |drop table if exists member_coupon cascade 
1706842183120|0|statement|connection 47|url jdbc:h2:mem:~/Marketbridge|drop table if exists membership cascade |drop table if exists membership cascade 
1706842183120|0|statement|connection 47|url jdbc:h2:mem:~/Marketbridge|drop table if exists option_category cascade |drop table if exists option_category cascade 
1706842183120|0|statement|connection 47|url jdbc:h2:mem:~/Marketbridge|drop table if exists options cascade |drop table if exists options cascade 
1706842183121|0|statement|connection 47|url jdbc:h2:mem:~/Marketbridge|drop table if exists order_detail cascade |drop table if exists order_detail cascade 
1706842183121|0|statement|connection 47|url jdbc:h2:mem:~/Marketbridge|drop table if exists orders cascade |drop table if exists orders cascade 
1706842183122|0|statement|connection 47|url jdbc:h2:mem:~/Marketbridge|drop table if exists payment cascade |drop table if exists payment cascade 
1706842183122|0|statement|connection 47|url jdbc:h2:mem:~/Marketbridge|drop table if exists point cascade |drop table if exists point cascade 
1706842183122|0|statement|connection 47|url jdbc:h2:mem:~/Marketbridge|drop table if exists prod_option cascade |drop table if exists prod_option cascade 
1706842183122|0|statement|connection 47|url jdbc:h2:mem:~/Marketbridge|drop table if exists prod_tag cascade |drop table if exists prod_tag cascade 
1706842183123|0|statement|connection 47|url jdbc:h2:mem:~/Marketbridge|drop table if exists product cascade |drop table if exists product cascade 
1706842183123|0|statement|connection 47|url jdbc:h2:mem:~/Marketbridge|drop table if exists product_image cascade |drop table if exists product_image cascade 
1706842183123|0|statement|connection 47|url jdbc:h2:mem:~/Marketbridge|drop table if exists qna cascade |drop table if exists qna cascade 
1706842183124|0|statement|connection 47|url jdbc:h2:mem:~/Marketbridge|drop table if exists review cascade |drop table if exists review cascade 
1706842183124|0|statement|connection 47|url jdbc:h2:mem:~/Marketbridge|drop table if exists review_image cascade |drop table if exists review_image cascade 
1706842183124|0|statement|connection 47|url jdbc:h2:mem:~/Marketbridge|drop table if exists review_survey cascade |drop table if exists review_survey cascade 
1706842183124|0|statement|connection 47|url jdbc:h2:mem:~/Marketbridge|drop table if exists review_survey_category cascade |drop table if exists review_survey_category cascade 
1706842183125|0|statement|connection 47|url jdbc:h2:mem:~/Marketbridge|drop table if exists reward_policy cascade |drop table if exists reward_policy cascade 
1706842183125|0|statement|connection 47|url jdbc:h2:mem:~/Marketbridge|drop table if exists seller cascade |drop table if exists seller cascade 
1706842183125|0|statement|connection 47|url jdbc:h2:mem:~/Marketbridge|drop table if exists seller_account cascade |drop table if exists seller_account cascade 
1706842183125|0|statement|connection 47|url jdbc:h2:mem:~/Marketbridge|drop table if exists seller_product cascade |drop table if exists seller_product cascade 
1706842183126|0|statement|connection 47|url jdbc:h2:mem:~/Marketbridge|drop table if exists social_credential cascade |drop table if exists social_credential cascade 
1706842183126|0|statement|connection 47|url jdbc:h2:mem:~/Marketbridge|drop table if exists status_code cascade |drop table if exists status_code cascade 
1706842183126|0|statement|connection 47|url jdbc:h2:mem:~/Marketbridge|drop table if exists survey_content cascade |drop table if exists survey_content cascade 
1706842183126|0|statement|connection 47|url jdbc:h2:mem:~/Marketbridge|drop table if exists tag cascade |drop table if exists tag cascade 
1706849152079|1|statement|connection 47|url jdbc:h2:mem:~/Marketbridge|drop table if exists address cascade |drop table if exists address cascade 
1706849152081|0|statement|connection 47|url jdbc:h2:mem:~/Marketbridge|drop table if exists admin cascade |drop table if exists admin cascade 
1706849152081|0|statement|connection 47|url jdbc:h2:mem:~/Marketbridge|drop table if exists board cascade |drop table if exists board cascade 
1706849152082|0|statement|connection 47|url jdbc:h2:mem:~/Marketbridge|drop table if exists cart cascade |drop table if exists cart cascade 
1706849152082|0|statement|connection 47|url jdbc:h2:mem:~/Marketbridge|drop table if exists category cascade |drop table if exists category cascade 
1706849152083|0|statement|connection 47|url jdbc:h2:mem:~/Marketbridge|drop table if exists coupon cascade |drop table if exists coupon cascade 
1706849152084|0|statement|connection 47|url jdbc:h2:mem:~/Marketbridge|drop table if exists coupon_budget cascade |drop table if exists coupon_budget cascade 
1706849152085|0|statement|connection 47|url jdbc:h2:mem:~/Marketbridge|drop table if exists delivery cascade |drop table if exists delivery cascade 
1706849152085|0|statement|connection 47|url jdbc:h2:mem:~/Marketbridge|drop table if exists estimated_time cascade |drop table if exists estimated_time cascade 
1706849152086|0|statement|connection 47|url jdbc:h2:mem:~/Marketbridge|drop table if exists help_desk cascade |drop table if exists help_desk cascade 
1706849152087|0|statement|connection 47|url jdbc:h2:mem:~/Marketbridge|drop table if exists image cascade |drop table if exists image cascade 
1706849152088|0|statement|connection 47|url jdbc:h2:mem:~/Marketbridge|drop table if exists member cascade |drop table if exists member cascade 
1706849152088|0|statement|connection 47|url jdbc:h2:mem:~/Marketbridge|drop table if exists member_coupon cascade |drop table if exists member_coupon cascade 
1706849152088|0|statement|connection 47|url jdbc:h2:mem:~/Marketbridge|drop table if exists membership cascade |drop table if exists membership cascade 
1706849152089|0|statement|connection 47|url jdbc:h2:mem:~/Marketbridge|drop table if exists option_category cascade |drop table if exists option_category cascade 
1706849152089|0|statement|connection 47|url jdbc:h2:mem:~/Marketbridge|drop table if exists options cascade |drop table if exists options cascade 
1706849152090|0|statement|connection 47|url jdbc:h2:mem:~/Marketbridge|drop table if exists order_detail cascade |drop table if exists order_detail cascade 
1706849152090|0|statement|connection 47|url jdbc:h2:mem:~/Marketbridge|drop table if exists orders cascade |drop table if exists orders cascade 
1706849152090|0|statement|connection 47|url jdbc:h2:mem:~/Marketbridge|drop table if exists payment cascade |drop table if exists payment cascade 
1706849152091|0|statement|connection 47|url jdbc:h2:mem:~/Marketbridge|drop table if exists point cascade |drop table if exists point cascade 
1706849152091|0|statement|connection 47|url jdbc:h2:mem:~/Marketbridge|drop table if exists prod_option cascade |drop table if exists prod_option cascade 
1706849152091|0|statement|connection 47|url jdbc:h2:mem:~/Marketbridge|drop table if exists prod_tag cascade |drop table if exists prod_tag cascade 
1706849152091|0|statement|connection 47|url jdbc:h2:mem:~/Marketbridge|drop table if exists product cascade |drop table if exists product cascade 
1706849152092|0|statement|connection 47|url jdbc:h2:mem:~/Marketbridge|drop table if exists product_image cascade |drop table if exists product_image cascade 
1706849152092|0|statement|connection 47|url jdbc:h2:mem:~/Marketbridge|drop table if exists qna cascade |drop table if exists qna cascade 
1706849152092|0|statement|connection 47|url jdbc:h2:mem:~/Marketbridge|drop table if exists review cascade |drop table if exists review cascade 
1706849152092|0|statement|connection 47|url jdbc:h2:mem:~/Marketbridge|drop table if exists review_image cascade |drop table if exists review_image cascade 
1706849152093|0|statement|connection 47|url jdbc:h2:mem:~/Marketbridge|drop table if exists review_survey cascade |drop table if exists review_survey cascade 
1706849152093|0|statement|connection 47|url jdbc:h2:mem:~/Marketbridge|drop table if exists review_survey_category cascade |drop table if exists review_survey_category cascade 
1706849152093|0|statement|connection 47|url jdbc:h2:mem:~/Marketbridge|drop table if exists reward_policy cascade |drop table if exists reward_policy cascade 
1706849152094|0|statement|connection 47|url jdbc:h2:mem:~/Marketbridge|drop table if exists seller cascade |drop table if exists seller cascade 
1706849152094|0|statement|connection 47|url jdbc:h2:mem:~/Marketbridge|drop table if exists seller_account cascade |drop table if exists seller_account cascade 
1706849152094|0|statement|connection 47|url jdbc:h2:mem:~/Marketbridge|drop table if exists seller_product cascade |drop table if exists seller_product cascade 
1706849152094|0|statement|connection 47|url jdbc:h2:mem:~/Marketbridge|drop table if exists social_credential cascade |drop table if exists social_credential cascade 
1706849152095|0|statement|connection 47|url jdbc:h2:mem:~/Marketbridge|drop table if exists status_code cascade |drop table if exists status_code cascade 
1706849152095|0|statement|connection 47|url jdbc:h2:mem:~/Marketbridge|drop table if exists survey_content cascade |drop table if exists survey_content cascade 
1706849152095|0|statement|connection 47|url jdbc:h2:mem:~/Marketbridge|drop table if exists tag cascade |drop table if exists tag cascade 
